<?xml version="1.0" encoding="UTF-8"?>
<!-- Generated by org.testng.reporters.JUnitReportReporter -->
<testsuite hostname="DESKTOP-IQPQ4GD" failures="0" tests="1" name="Webtables.Countofrowsandcolumns" time="0.254" errors="0" timestamp="2023-04-26T10:32:59 IST" skipped="0">
  <testcase classname="Webtables.Countofrowsandcolumns" name="countrowsandcolumns" time="0.254"/>
  <system-out/>
</testsuite> <!-- Webtables.Countofrowsandcolumns -->
