<?xml version="1.0" encoding="UTF-8"?>
<!-- Generated by org.testng.reporters.JUnitReportReporter -->
<testsuite hostname="DESKTOP-IQPQ4GD" failures="0" tests="1" name="Calender.Datepicker" time="1.041" errors="0" timestamp="2023-05-02T18:15:55 IST" skipped="0">
  <testcase classname="Calender.Datepicker" name="counttables" time="1.041"/>
  <system-out/>
</testsuite> <!-- Calender.Datepicker -->
