<?xml version="1.0" encoding="UTF-8"?>
<!-- Generated by org.testng.reporters.JUnitReportReporter -->
<testsuite hostname="DESKTOP-IQPQ4GD" failures="0" tests="1" name="Webtables.Countofwebtables" time="0.083" errors="0" timestamp="2023-04-26T09:54:56 IST" skipped="0">
  <testcase classname="Webtables.Countofwebtables" name="counttables" time="0.083"/>
  <system-out/>
</testsuite> <!-- Webtables.Countofwebtables -->
