<?xml version="1.0" encoding="UTF-8"?>
<!-- Generated by org.testng.reporters.JUnitReportReporter -->
<testsuite hostname="DESKTOP-IQPQ4GD" failures="0" tests="1" name="Mouseactions.Slider" time="1.654" errors="0" timestamp="2023-05-26T11:34:45 IST" skipped="0">
  <testcase classname="Mouseactions.Slider" name="alert" time="1.654"/>
  <system-out/>
</testsuite> <!-- Mouseactions.Slider -->
