<?xml version="1.0" encoding="UTF-8"?>
<!-- Generated by org.testng.reporters.JUnitReportReporter -->
<testsuite hostname="DESKTOP-IQPQ4GD" failures="0" tests="4" name="Testng.Concepts" time="0.021" errors="0" timestamp="2023-04-10T19:08:22 IST" skipped="2">
  <testcase classname="Testng.Concepts" name="balakrishna" time="0.012"/>
  <system-out/>
  <testcase classname="Testng.Concepts" name="chiranjeevi" time="0.009"/>
  <system-out/>
  <testcase classname="Testng.Concepts" name="venkatesh">
    <skipped/>
  </testcase> <!-- venkatesh -->
  <system-out/>
  <testcase classname="Testng.Concepts" name="nagarjuna">
    <skipped/>
  </testcase> <!-- nagarjuna -->
  <system-out/>
</testsuite> <!-- Testng.Concepts -->
