<?xml version="1.0" encoding="UTF-8"?>
<!-- Generated by org.testng.reporters.JUnitReportReporter -->
<testsuite hostname="DESKTOP-IQPQ4GD" failures="0" tests="1" name="Screenshots.Screenshotimage" time="5.418" errors="0" timestamp="2023-04-17T15:22:21 IST" skipped="0">
  <testcase classname="Screenshots.Screenshotimage" name="shot" time="5.418"/>
  <system-out/>
</testsuite> <!-- Screenshots.Screenshotimage -->
