<?xml version="1.0" encoding="UTF-8"?>
<!-- Generated by org.testng.reporters.JUnitReportReporter -->
<testsuite hostname="DESKTOP-IQPQ4GD" failures="0" tests="1" name="Mouseactions.Rightclick" time="1.307" errors="0" timestamp="2023-05-26T11:18:32 IST" skipped="0">
  <testcase classname="Mouseactions.Rightclick" name="alert" time="1.307"/>
  <system-out/>
</testsuite> <!-- Mouseactions.Rightclick -->
