<?xml version="1.0" encoding="UTF-8"?>
<!-- Generated by org.testng.reporters.JUnitReportReporter -->
<testsuite hostname="DESKTOP-IQPQ4GD" failures="0" tests="3" name="Testng.Hierarchytestng" time="0.027" errors="0" timestamp="2023-04-10T19:08:22 IST" skipped="0">
  <testcase classname="Testng.Hierarchytestng" name="breakfast" time="0.005"/>
  <system-out/>
  <testcase classname="Testng.Hierarchytestng" name="testing" time="0.004"/>
  <system-out/>
  <testcase classname="Testng.Hierarchytestng" name="Lunch" time="0.018"/>
  <system-out/>
</testsuite> <!-- Testng.Hierarchytestng -->
