<?xml version="1.0" encoding="UTF-8"?>
<!-- Generated by org.testng.reporters.JUnitReportReporter -->
<testsuite hostname="DESKTOP-IQPQ4GD" failures="0" tests="1" name="BrowserAlerts.Browerdismiss" time="2.100" errors="0" timestamp="2023-04-28T11:57:44 IST" skipped="0">
  <testcase classname="BrowserAlerts.Browerdismiss" name="alert" time="2.100"/>
  <system-out/>
</testsuite> <!-- BrowserAlerts.Browerdismiss -->
