<?xml version="1.0" encoding="UTF-8"?>
<!-- Generated by org.testng.reporters.JUnitReportReporter -->
<testsuite hostname="DESKTOP-IQPQ4GD" failures="0" tests="3" name="Testng.Practice" time="17.571" errors="0" timestamp="2023-04-10T19:08:22 IST" skipped="0">
  <testcase classname="Testng.Practice" name="emaildetails" time="5.229"/>
  <system-out/>
  <testcase classname="Testng.Practice" name="passworddetails" time="2.137"/>
  <system-out/>
  <testcase classname="Testng.Practice" name="login" time="10.205"/>
  <system-out/>
</testsuite> <!-- Testng.Practice -->
