<?xml version="1.0" encoding="UTF-8"?>
<!-- Generated by org.testng.reporters.JUnitReportReporter -->
<testsuite hostname="DESKTOP-IQPQ4GD" failures="0" tests="1" name="Mouseactions.Movetoelement" time="2.195" errors="0" timestamp="2023-06-05T09:05:11 IST" skipped="0">
  <testcase classname="Mouseactions.Movetoelement" name="alert" time="2.195"/>
  <system-out/>
</testsuite> <!-- Mouseactions.Movetoelement -->
