<?xml version="1.0" encoding="UTF-8"?>
<!-- Generated by org.testng.reporters.JUnitReportReporter -->
<testsuite hostname="DESKTOP-IQPQ4GD" failures="0" tests="1" name="Pom.Fbsteps" time="20.036" errors="0" timestamp="2023-06-19T10:51:34 IST" skipped="0">
  <testcase classname="Pom.Fbsteps" name="operation" time="20.036"/>
  <system-out/>
</testsuite> <!-- Pom.Fbsteps -->
