<?xml version="1.0" encoding="UTF-8"?>
<!-- Generated by org.testng.reporters.JUnitReportReporter -->
<testsuite hostname="DESKTOP-IQPQ4GD" failures="0" tests="1" name="Windowhandles.Window" time="12.740" errors="0" timestamp="2023-07-27T14:59:51 IST" skipped="0">
  <testcase classname="Windowhandles.Window" name="alert" time="12.740"/>
</testsuite> <!-- Windowhandles.Window -->
