<?xml version="1.0" encoding="UTF-8"?>
<!-- Generated by org.testng.reporters.JUnitReportReporter -->
<testsuite hostname="DESKTOP-IQPQ4GD" failures="0" tests="1" name="Mouseactions.Doubleclick" time="4.329" errors="0" timestamp="2023-05-26T11:13:21 IST" skipped="0">
  <testcase classname="Mouseactions.Doubleclick" name="alert" time="4.329"/>
  <system-out/>
</testsuite> <!-- Mouseactions.Doubleclick -->
